# JRE version: OpenJDK Runtime Environment Temurin-17.0.13+11 (17.0.13+11) (build 17.0.13+11)
# Java VM: OpenJDK 64-Bit Server VM Temurin-17.0.13+11 (17.0.13+11, mixed mode, tiered, compressed oops, compressed class ptrs, parallel gc, windows-amd64)
GC Precious Log:
 CPUs: 12 total, 12 available
 Memory: 16235M
 Large Page Support: Disabled
 NUMA Support: Disabled
 Compressed Oops: Enabled (32-bit)
 Alignments: Space 512K, Generation 512K, Heap 2M
 Heap Min Capacity: 100M
 Heap Initial Capacity: 100M
 Heap Max Capacity: 1G
 Pre-touch: Disabled
 Parallel Workers: 10
Heap:
 PSYoungGen      total 24064K, used 23748K [0x00000000eab00000, 0x00000000ecc80000, 0x0000000100000000)
  eden space 18432K, 100% used [0x00000000eab00000,0x00000000ebd00000,0x00000000ebd00000)
  from space 5632K, 94% used [0x00000000ec700000,0x00000000ecc313e8,0x00000000ecc80000)
  to   space 5632K, 0% used [0x00000000ec180000,0x00000000ec180000,0x00000000ec700000)
 ParOldGen       total 374784K, used 371182K [0x00000000c0000000, 0x00000000d6e00000, 0x00000000eab00000)
  object space 374784K, 99% used [0x00000000c0000000,0x00000000d6a7bbf0,0x00000000d6e00000)
 Metaspace       used 76454K, committed 77888K, reserved 1179648K
  class space    used 8074K, committed 8704K, reserved 1048576K
GC Heap History (20 events):
Event: 75.877 GC heap before
{Heap before GC invocations=220 (full 13):
 PSYoungGen      total 28672K, used 28507K [0x00000000eab00000, 0x00000000eca80000, 0x0000000100000000)
  eden space 25088K, 100% used [0x00000000eab00000,0x00000000ec380000,0x00000000ec380000)
  from space 3584K, 95% used [0x00000000ec580000,0x00000000ec8d6e10,0x00000000ec900000)
  to   space 1536K, 0% used [0x00000000ec900000,0x00000000ec900000,0x00000000eca80000)
 ParOldGen       total 359424K, used 325404K [0x00000000c0000000, 0x00000000d5f00000, 0x00000000eab00000)
  object space 359424K, 90% used [0x00000000c0000000,0x00000000d3dc7040,0x00000000d5f00000)
 Metaspace       used 74639K, committed 75904K, reserved 1179648K
  class space    used 7915K, committed 8448K, reserved 1048576K
}
Event: 75.884 GC heap after
{Heap after GC invocations=220 (full 13):
 PSYoungGen      total 26624K, used 1531K [0x00000000eab00000, 0x00000000ecd80000, 0x0000000100000000)
  eden space 25088K, 0% used [0x00000000eab00000,0x00000000eab00000,0x00000000ec380000)
  from space 1536K, 99% used [0x00000000ec900000,0x00000000eca7edf8,0x00000000eca80000)
  to   space 5120K, 0% used [0x00000000ec380000,0x00000000ec380000,0x00000000ec880000)
 ParOldGen       total 359424K, used 328311K [0x00000000c0000000, 0x00000000d5f00000, 0x00000000eab00000)
  object space 359424K, 91% used [0x00000000c0000000,0x00000000d409df08,0x00000000d5f00000)
 Metaspace       used 74639K, committed 75904K, reserved 1179648K
  class space    used 7915K, committed 8448K, reserved 1048576K
}
Event: 76.005 GC heap before
{Heap before GC invocations=221 (full 13):
 PSYoungGen      total 26624K, used 26619K [0x00000000eab00000, 0x00000000ecd80000, 0x0000000100000000)
  eden space 25088K, 100% used [0x00000000eab00000,0x00000000ec380000,0x00000000ec380000)
  from space 1536K, 99% used [0x00000000ec900000,0x00000000eca7edf8,0x00000000eca80000)
  to   space 5120K, 0% used [0x00000000ec380000,0x00000000ec380000,0x00000000ec880000)
 ParOldGen       total 359424K, used 328313K [0x00000000c0000000, 0x00000000d5f00000, 0x00000000eab00000)
  object space 359424K, 91% used [0x00000000c0000000,0x00000000d409e670,0x00000000d5f00000)
 Metaspace       used 74647K, committed 75904K, reserved 1179648K
  class space    used 7915K, committed 8448K, reserved 1048576K
}
Event: 76.011 GC heap after
{Heap after GC invocations=221 (full 13):
 PSYoungGen      total 27136K, used 1653K [0x00000000eab00000, 0x00000000ec980000, 0x0000000100000000)
  eden space 25088K, 0% used [0x00000000eab00000,0x00000000eab00000,0x00000000ec380000)
  from space 2048K, 80% used [0x00000000ec380000,0x00000000ec51d630,0x00000000ec580000)
  to   space 3072K, 0% used [0x00000000ec680000,0x00000000ec680000,0x00000000ec980000)
 ParOldGen       total 359424K, used 329233K [0x00000000c0000000, 0x00000000d5f00000, 0x00000000eab00000)
  object space 359424K, 91% used [0x00000000c0000000,0x00000000d41844b0,0x00000000d5f00000)
 Metaspace       used 74647K, committed 75904K, reserved 1179648K
  class space    used 7915K, committed 8448K, reserved 1048576K
}
Event: 76.169 GC heap before
{Heap before GC invocations=222 (full 13):
 PSYoungGen      total 27136K, used 26741K [0x00000000eab00000, 0x00000000ec980000, 0x0000000100000000)
  eden space 25088K, 100% used [0x00000000eab00000,0x00000000ec380000,0x00000000ec380000)
  from space 2048K, 80% used [0x00000000ec380000,0x00000000ec51d630,0x00000000ec580000)
  to   space 3072K, 0% used [0x00000000ec680000,0x00000000ec680000,0x00000000ec980000)
 ParOldGen       total 359424K, used 329233K [0x00000000c0000000, 0x00000000d5f00000, 0x00000000eab00000)
  object space 359424K, 91% used [0x00000000c0000000,0x00000000d41844b0,0x00000000d5f00000)
 Metaspace       used 74661K, committed 75904K, reserved 1179648K
  class space    used 7915K, committed 8448K, reserved 1048576K
}
Event: 76.175 GC heap after
{Heap after GC invocations=222 (full 13):
 PSYoungGen      total 28160K, used 2473K [0x00000000eab00000, 0x00000000ec980000, 0x0000000100000000)
  eden space 25088K, 0% used [0x00000000eab00000,0x00000000eab00000,0x00000000ec380000)
  from space 3072K, 80% used [0x00000000ec680000,0x00000000ec8ea5a0,0x00000000ec980000)
  to   space 3072K, 0% used [0x00000000ec380000,0x00000000ec380000,0x00000000ec680000)
 ParOldGen       total 359424K, used 329233K [0x00000000c0000000, 0x00000000d5f00000, 0x00000000eab00000)
  object space 359424K, 91% used [0x00000000c0000000,0x00000000d41844b0,0x00000000d5f00000)
 Metaspace       used 74661K, committed 75904K, reserved 1179648K
  class space    used 7915K, committed 8448K, reserved 1048576K
}
Event: 76.400 GC heap before
{Heap before GC invocations=223 (full 13):
 PSYoungGen      total 28160K, used 27561K [0x00000000eab00000, 0x00000000ec980000, 0x0000000100000000)
  eden space 25088K, 100% used [0x00000000eab00000,0x00000000ec380000,0x00000000ec380000)
  from space 3072K, 80% used [0x00000000ec680000,0x00000000ec8ea5a0,0x00000000ec980000)
  to   space 3072K, 0% used [0x00000000ec380000,0x00000000ec380000,0x00000000ec680000)
 ParOldGen       total 359424K, used 329233K [0x00000000c0000000, 0x00000000d5f00000, 0x00000000eab00000)
  object space 359424K, 91% used [0x00000000c0000000,0x00000000d41844b0,0x00000000d5f00000)
 Metaspace       used 74663K, committed 75904K, reserved 1179648K
  class space    used 7915K, committed 8448K, reserved 1048576K
}
Event: 76.404 GC heap after
{Heap after GC invocations=223 (full 13):
 PSYoungGen      total 28160K, used 3067K [0x00000000eab00000, 0x00000000eca80000, 0x0000000100000000)
  eden space 25088K, 0% used [0x00000000eab00000,0x00000000eab00000,0x00000000ec380000)
  from space 3072K, 99% used [0x00000000ec380000,0x00000000ec67eea0,0x00000000ec680000)
  to   space 3584K, 0% used [0x00000000ec700000,0x00000000ec700000,0x00000000eca80000)
 ParOldGen       total 359424K, used 329474K [0x00000000c0000000, 0x00000000d5f00000, 0x00000000eab00000)
  object space 359424K, 91% used [0x00000000c0000000,0x00000000d41c08b0,0x00000000d5f00000)
 Metaspace       used 74663K, committed 75904K, reserved 1179648K
  class space    used 7915K, committed 8448K, reserved 1048576K
}
Event: 76.696 GC heap before
{Heap before GC invocations=224 (full 13):
 PSYoungGen      total 28160K, used 28155K [0x00000000eab00000, 0x00000000eca80000, 0x0000000100000000)
  eden space 25088K, 100% used [0x00000000eab00000,0x00000000ec380000,0x00000000ec380000)
  from space 3072K, 99% used [0x00000000ec380000,0x00000000ec67eea0,0x00000000ec680000)
  to   space 3584K, 0% used [0x00000000ec700000,0x00000000ec700000,0x00000000eca80000)
 ParOldGen       total 359424K, used 329474K [0x00000000c0000000, 0x00000000d5f00000, 0x00000000eab00000)
  object space 359424K, 91% used [0x00000000c0000000,0x00000000d41c08b0,0x00000000d5f00000)
 Metaspace       used 74664K, committed 75904K, reserved 1179648K
  class space    used 7915K, committed 8448K, reserved 1048576K
}
Event: 76.706 GC heap after
{Heap after GC invocations=224 (full 13):
 PSYoungGen      total 27136K, used 3570K [0x00000000eab00000, 0x00000000ecd80000, 0x0000000100000000)
  eden space 23552K, 0% used [0x00000000eab00000,0x00000000eab00000,0x00000000ec200000)
  from space 3584K, 99% used [0x00000000ec700000,0x00000000eca7cba8,0x00000000eca80000)
  to   space 5120K, 0% used [0x00000000ec200000,0x00000000ec200000,0x00000000ec700000)
 ParOldGen       total 359424K, used 330385K [0x00000000c0000000, 0x00000000d5f00000, 0x00000000eab00000)
  object space 359424K, 91% used [0x00000000c0000000,0x00000000d42a4420,0x00000000d5f00000)
 Metaspace       used 74664K, committed 75904K, reserved 1179648K
  class space    used 7915K, committed 8448K, reserved 1048576K
}
Event: 76.968 GC heap before
{Heap before GC invocations=225 (full 13):
 PSYoungGen      total 27136K, used 27122K [0x00000000eab00000, 0x00000000ecd80000, 0x0000000100000000)
  eden space 23552K, 100% used [0x00000000eab00000,0x00000000ec200000,0x00000000ec200000)
  from space 3584K, 99% used [0x00000000ec700000,0x00000000eca7cba8,0x00000000eca80000)
  to   space 5120K, 0% used [0x00000000ec200000,0x00000000ec200000,0x00000000ec700000)
 ParOldGen       total 359424K, used 330385K [0x00000000c0000000, 0x00000000d5f00000, 0x00000000eab00000)
  object space 359424K, 91% used [0x00000000c0000000,0x00000000d42a4420,0x00000000d5f00000)
 Metaspace       used 74715K, committed 75968K, reserved 1179648K
  class space    used 7926K, committed 8448K, reserved 1048576K
}
Event: 76.976 GC heap after
{Heap after GC invocations=225 (full 13):
 PSYoungGen      total 27136K, used 3355K [0x00000000eab00000, 0x00000000eca00000, 0x0000000100000000)
  eden space 23552K, 0% used [0x00000000eab00000,0x00000000eab00000,0x00000000ec200000)
  from space 3584K, 93% used [0x00000000ec200000,0x00000000ec546c80,0x00000000ec580000)
  to   space 4096K, 0% used [0x00000000ec600000,0x00000000ec600000,0x00000000eca00000)
 ParOldGen       total 359424K, used 331056K [0x00000000c0000000, 0x00000000d5f00000, 0x00000000eab00000)
  object space 359424K, 92% used [0x00000000c0000000,0x00000000d434c388,0x00000000d5f00000)
 Metaspace       used 74715K, committed 75968K, reserved 1179648K
  class space    used 7926K, committed 8448K, reserved 1048576K
}
Event: 77.645 GC heap before
{Heap before GC invocations=226 (full 13):
 PSYoungGen      total 27136K, used 26907K [0x00000000eab00000, 0x00000000eca00000, 0x0000000100000000)
  eden space 23552K, 100% used [0x00000000eab00000,0x00000000ec200000,0x00000000ec200000)
  from space 3584K, 93% used [0x00000000ec200000,0x00000000ec546c80,0x00000000ec580000)
  to   space 4096K, 0% used [0x00000000ec600000,0x00000000ec600000,0x00000000eca00000)
 ParOldGen       total 359424K, used 331056K [0x00000000c0000000, 0x00000000d5f00000, 0x00000000eab00000)
  object space 359424K, 92% used [0x00000000c0000000,0x00000000d434c388,0x00000000d5f00000)
 Metaspace       used 75005K, committed 76288K, reserved 1179648K
  class space    used 7949K, committed 8512K, reserved 1048576K
}
Event: 77.658 GC heap after
{Heap after GC invocations=226 (full 13):
 PSYoungGen      total 26112K, used 4075K [0x00000000eab00000, 0x00000000ecd00000, 0x0000000100000000)
  eden space 22016K, 0% used [0x00000000eab00000,0x00000000eab00000,0x00000000ec080000)
  from space 4096K, 99% used [0x00000000ec600000,0x00000000ec9fac70,0x00000000eca00000)
  to   space 5632K, 0% used [0x00000000ec080000,0x00000000ec080000,0x00000000ec600000)
 ParOldGen       total 359424K, used 332057K [0x00000000c0000000, 0x00000000d5f00000, 0x00000000eab00000)
  object space 359424K, 92% used [0x00000000c0000000,0x00000000d4446440,0x00000000d5f00000)
 Metaspace       used 75005K, committed 76288K, reserved 1179648K
  class space    used 7949K, committed 8512K, reserved 1048576K
}
Event: 78.089 GC heap before
{Heap before GC invocations=227 (full 13):
 PSYoungGen      total 26112K, used 26091K [0x00000000eab00000, 0x00000000ecd00000, 0x0000000100000000)
  eden space 22016K, 100% used [0x00000000eab00000,0x00000000ec080000,0x00000000ec080000)
  from space 4096K, 99% used [0x00000000ec600000,0x00000000ec9fac70,0x00000000eca00000)
  to   space 5632K, 0% used [0x00000000ec080000,0x00000000ec080000,0x00000000ec600000)
 ParOldGen       total 359424K, used 332057K [0x00000000c0000000, 0x00000000d5f00000, 0x00000000eab00000)
  object space 359424K, 92% used [0x00000000c0000000,0x00000000d4446440,0x00000000d5f00000)
 Metaspace       used 75247K, committed 76480K, reserved 1179648K
  class space    used 7968K, committed 8512K, reserved 1048576K
}
Event: 78.094 GC heap after
{Heap after GC invocations=227 (full 13):
 PSYoungGen      total 27648K, used 5225K [0x00000000eab00000, 0x00000000ecb80000, 0x0000000100000000)
  eden space 22016K, 0% used [0x00000000eab00000,0x00000000eab00000,0x00000000ec080000)
  from space 5632K, 92% used [0x00000000ec080000,0x00000000ec59a5a8,0x00000000ec600000)
  to   space 5632K, 0% used [0x00000000ec600000,0x00000000ec600000,0x00000000ecb80000)
 ParOldGen       total 359424K, used 332945K [0x00000000c0000000, 0x00000000d5f00000, 0x00000000eab00000)
  object space 359424K, 92% used [0x00000000c0000000,0x00000000d4524440,0x00000000d5f00000)
 Metaspace       used 75247K, committed 76480K, reserved 1179648K
  class space    used 7968K, committed 8512K, reserved 1048576K
}
Event: 78.735 GC heap before
{Heap before GC invocations=228 (full 13):
 PSYoungGen      total 27648K, used 27241K [0x00000000eab00000, 0x00000000ecb80000, 0x0000000100000000)
  eden space 22016K, 100% used [0x00000000eab00000,0x00000000ec080000,0x00000000ec080000)
  from space 5632K, 92% used [0x00000000ec080000,0x00000000ec59a5a8,0x00000000ec600000)
  to   space 5632K, 0% used [0x00000000ec600000,0x00000000ec600000,0x00000000ecb80000)
 ParOldGen       total 359424K, used 332945K [0x00000000c0000000, 0x00000000d5f00000, 0x00000000eab00000)
  object space 359424K, 92% used [0x00000000c0000000,0x00000000d4524440,0x00000000d5f00000)
 Metaspace       used 76018K, committed 77440K, reserved 1179648K
  class space    used 8040K, committed 8640K, reserved 1048576K
}
Event: 78.744 GC heap after
{Heap after GC invocations=228 (full 13):
 PSYoungGen      total 23040K, used 5602K [0x00000000eab00000, 0x00000000ed480000, 0x0000000100000000)
  eden space 17408K, 0% used [0x00000000eab00000,0x00000000eab00000,0x00000000ebc00000)
  from space 5632K, 99% used [0x00000000ec600000,0x00000000ecb78bb0,0x00000000ecb80000)
  to   space 10240K, 0% used [0x00000000ebc00000,0x00000000ebc00000,0x00000000ec600000)
 ParOldGen       total 359424K, used 336505K [0x00000000c0000000, 0x00000000d5f00000, 0x00000000eab00000)
  object space 359424K, 93% used [0x00000000c0000000,0x00000000d489e720,0x00000000d5f00000)
 Metaspace       used 76018K, committed 77440K, reserved 1179648K
  class space    used 8040K, committed 8640K, reserved 1048576K
}
Event: 78.962 GC heap before
{Heap before GC invocations=229 (full 13):
 PSYoungGen      total 23040K, used 17133K [0x00000000eab00000, 0x00000000ed480000, 0x0000000100000000)
  eden space 17408K, 66% used [0x00000000eab00000,0x00000000eb642ac0,0x00000000ebc00000)
  from space 5632K, 99% used [0x00000000ec600000,0x00000000ecb78bb0,0x00000000ecb80000)
  to   space 10240K, 0% used [0x00000000ebc00000,0x00000000ebc00000,0x00000000ec600000)
 ParOldGen       total 359424K, used 344165K [0x00000000c0000000, 0x00000000d5f00000, 0x00000000eab00000)
  object space 359424K, 95% used [0x00000000c0000000,0x00000000d5019730,0x00000000d5f00000)
 Metaspace       used 76084K, committed 77440K, reserved 1179648K
  class space    used 8041K, committed 8640K, reserved 1048576K
}
Event: 78.970 GC heap after
{Heap after GC invocations=229 (full 13):
 PSYoungGen      total 27648K, used 5112K [0x00000000eab00000, 0x00000000ecd80000, 0x0000000100000000)
  eden space 17408K, 0% used [0x00000000eab00000,0x00000000eab00000,0x00000000ebc00000)
  from space 10240K, 49% used [0x00000000ebc00000,0x00000000ec0fe2a0,0x00000000ec600000)
  to   space 6656K, 0% used [0x00000000ec700000,0x00000000ec700000,0x00000000ecd80000)
 ParOldGen       total 359424K, used 344850K [0x00000000c0000000, 0x00000000d5f00000, 0x00000000eab00000)
  object space 359424K, 95% used [0x00000000c0000000,0x00000000d50c4b80,0x00000000d5f00000)
 Metaspace       used 76084K, committed 77440K, reserved 1179648K
  class space    used 8041K, committed 8640K, reserved 1048576K
}

